{"C:\\Users\\mattCode\\Documents\\Microverse project\\Module 2\\week 3\\todo-list-testing\\src\\modules\\actions.js": {"path":"C:\\Users\\mattCode\\Documents\\Microverse project\\Module 2\\week 3\\todo-list-testing\\src\\modules\\actions.js","statementMap":{"0":{"start":{"line":6,"column":13},"end":{"line":6,"column":90}},"1":{"start":{"line":6,"column":27},"end":{"line":6,"column":90}},"2":{"start":{"line":7,"column":16},"end":{"line":12,"column":1}},"3":{"start":{"line":8,"column":2},"end":{"line":10,"column":3}},"4":{"start":{"line":9,"column":4},"end":{"line":9,"column":14}},"5":{"start":{"line":11,"column":2},"end":{"line":11,"column":59}},"6":{"start":{"line":15,"column":13},"end":{"line":23,"column":1}},"7":{"start":{"line":16,"column":17},"end":{"line":16,"column":26}},"8":{"start":{"line":17,"column":15},"end":{"line":17,"column":46}},"9":{"start":{"line":18,"column":2},"end":{"line":22,"column":5}},"10":{"start":{"line":19,"column":4},"end":{"line":19,"column":36}},"11":{"start":{"line":20,"column":4},"end":{"line":20,"column":41}},"12":{"start":{"line":21,"column":4},"end":{"line":21,"column":17}},"13":{"start":{"line":27,"column":21},"end":{"line":35,"column":1}},"14":{"start":{"line":28,"column":19},"end":{"line":28,"column":28}},"15":{"start":{"line":29,"column":2},"end":{"line":34,"column":3}},"16":{"start":{"line":30,"column":4},"end":{"line":30,"column":92}},"17":{"start":{"line":31,"column":4},"end":{"line":31,"column":44}},"18":{"start":{"line":32,"column":4},"end":{"line":32,"column":19}},"19":{"start":{"line":33,"column":4},"end":{"line":33,"column":53}},"20":{"start":{"line":39,"column":24},"end":{"line":51,"column":1}},"21":{"start":{"line":40,"column":2},"end":{"line":50,"column":3}},"22":{"start":{"line":41,"column":26},"end":{"line":41,"column":35}},"23":{"start":{"line":42,"column":4},"end":{"line":48,"column":7}},"24":{"start":{"line":43,"column":6},"end":{"line":47,"column":7}},"25":{"start":{"line":44,"column":8},"end":{"line":44,"column":39}},"26":{"start":{"line":45,"column":8},"end":{"line":45,"column":28}},"27":{"start":{"line":46,"column":8},"end":{"line":46,"column":15}},"28":{"start":{"line":49,"column":4},"end":{"line":49,"column":21}},"29":{"start":{"line":55,"column":17},"end":{"line":66,"column":1}},"30":{"start":{"line":56,"column":14},"end":{"line":56,"column":23}},"31":{"start":{"line":57,"column":15},"end":{"line":57,"column":57}},"32":{"start":{"line":58,"column":2},"end":{"line":65,"column":5}},"33":{"start":{"line":59,"column":4},"end":{"line":59,"column":49}},"34":{"start":{"line":60,"column":4},"end":{"line":60,"column":16}},"35":{"start":{"line":61,"column":4},"end":{"line":64,"column":5}},"36":{"start":{"line":62,"column":6},"end":{"line":62,"column":42}},"37":{"start":{"line":63,"column":6},"end":{"line":63,"column":24}},"38":{"start":{"line":70,"column":18},"end":{"line":75,"column":1}},"39":{"start":{"line":71,"column":2},"end":{"line":71,"column":54}},"40":{"start":{"line":72,"column":2},"end":{"line":72,"column":56}},"41":{"start":{"line":73,"column":2},"end":{"line":73,"column":42}},"42":{"start":{"line":74,"column":2},"end":{"line":74,"column":57}},"43":{"start":{"line":79,"column":17},"end":{"line":86,"column":1}},"44":{"start":{"line":80,"column":2},"end":{"line":85,"column":5}},"45":{"start":{"line":81,"column":4},"end":{"line":81,"column":43}},"46":{"start":{"line":82,"column":4},"end":{"line":82,"column":55}},"47":{"start":{"line":83,"column":4},"end":{"line":83,"column":57}},"48":{"start":{"line":84,"column":4},"end":{"line":84,"column":61}},"49":{"start":{"line":88,"column":12},"end":{"line":88,"column":39}},"50":{"start":{"line":88,"column":28},"end":{"line":88,"column":39}},"51":{"start":{"line":90,"column":16},"end":{"line":93,"column":1}},"52":{"start":{"line":91,"column":14},"end":{"line":91,"column":57}},"53":{"start":{"line":92,"column":2},"end":{"line":92,"column":13}}},"fnMap":{"0":{"name":"(anonymous_0)","decl":{"start":{"line":6,"column":13},"end":{"line":6,"column":14}},"loc":{"start":{"line":6,"column":27},"end":{"line":6,"column":90}},"line":6},"1":{"name":"(anonymous_1)","decl":{"start":{"line":7,"column":16},"end":{"line":7,"column":17}},"loc":{"start":{"line":7,"column":22},"end":{"line":12,"column":1}},"line":7},"2":{"name":"(anonymous_2)","decl":{"start":{"line":15,"column":13},"end":{"line":15,"column":14}},"loc":{"start":{"line":15,"column":19},"end":{"line":23,"column":1}},"line":15},"3":{"name":"(anonymous_3)","decl":{"start":{"line":18,"column":17},"end":{"line":18,"column":18}},"loc":{"start":{"line":18,"column":37},"end":{"line":22,"column":3}},"line":18},"4":{"name":"(anonymous_4)","decl":{"start":{"line":27,"column":21},"end":{"line":27,"column":22}},"loc":{"start":{"line":27,"column":36},"end":{"line":35,"column":1}},"line":27},"5":{"name":"(anonymous_5)","decl":{"start":{"line":39,"column":24},"end":{"line":39,"column":25}},"loc":{"start":{"line":39,"column":37},"end":{"line":51,"column":1}},"line":39},"6":{"name":"(anonymous_6)","decl":{"start":{"line":42,"column":26},"end":{"line":42,"column":27}},"loc":{"start":{"line":42,"column":43},"end":{"line":48,"column":5}},"line":42},"7":{"name":"(anonymous_7)","decl":{"start":{"line":55,"column":17},"end":{"line":55,"column":18}},"loc":{"start":{"line":55,"column":27},"end":{"line":66,"column":1}},"line":55},"8":{"name":"(anonymous_8)","decl":{"start":{"line":58,"column":16},"end":{"line":58,"column":17}},"loc":{"start":{"line":58,"column":36},"end":{"line":65,"column":3}},"line":58},"9":{"name":"(anonymous_9)","decl":{"start":{"line":70,"column":18},"end":{"line":70,"column":19}},"loc":{"start":{"line":70,"column":31},"end":{"line":75,"column":1}},"line":70},"10":{"name":"(anonymous_10)","decl":{"start":{"line":79,"column":17},"end":{"line":79,"column":18}},"loc":{"start":{"line":79,"column":23},"end":{"line":86,"column":1}},"line":79},"11":{"name":"(anonymous_11)","decl":{"start":{"line":80,"column":45},"end":{"line":80,"column":46}},"loc":{"start":{"line":80,"column":57},"end":{"line":85,"column":3}},"line":80},"12":{"name":"(anonymous_12)","decl":{"start":{"line":88,"column":12},"end":{"line":88,"column":13}},"loc":{"start":{"line":88,"column":28},"end":{"line":88,"column":39}},"line":88},"13":{"name":"(anonymous_13)","decl":{"start":{"line":90,"column":16},"end":{"line":90,"column":17}},"loc":{"start":{"line":90,"column":22},"end":{"line":93,"column":1}},"line":90}},"branchMap":{"0":{"loc":{"start":{"line":8,"column":2},"end":{"line":10,"column":3}},"type":"if","locations":[{"start":{"line":8,"column":2},"end":{"line":10,"column":3}},{"start":{},"end":{}}],"line":8},"1":{"loc":{"start":{"line":29,"column":2},"end":{"line":34,"column":3}},"type":"if","locations":[{"start":{"line":29,"column":2},"end":{"line":34,"column":3}},{"start":{},"end":{}}],"line":29},"2":{"loc":{"start":{"line":40,"column":2},"end":{"line":50,"column":3}},"type":"if","locations":[{"start":{"line":40,"column":2},"end":{"line":50,"column":3}},{"start":{},"end":{}}],"line":40},"3":{"loc":{"start":{"line":43,"column":6},"end":{"line":47,"column":7}},"type":"if","locations":[{"start":{"line":43,"column":6},"end":{"line":47,"column":7}},{"start":{},"end":{}}],"line":43},"4":{"loc":{"start":{"line":61,"column":4},"end":{"line":64,"column":5}},"type":"if","locations":[{"start":{"line":61,"column":4},"end":{"line":64,"column":5}},{"start":{},"end":{}}],"line":61}},"s":{"0":1,"1":4,"2":1,"3":7,"4":1,"5":6,"6":1,"7":1,"8":1,"9":1,"10":1,"11":1,"12":1,"13":1,"14":2,"15":2,"16":2,"17":2,"18":2,"19":2,"20":1,"21":1,"22":1,"23":1,"24":1,"25":1,"26":1,"27":1,"28":1,"29":1,"30":0,"31":0,"32":0,"33":0,"34":0,"35":0,"36":0,"37":0,"38":1,"39":0,"40":0,"41":0,"42":0,"43":1,"44":0,"45":0,"46":0,"47":0,"48":0,"49":1,"50":0,"51":1,"52":0,"53":0},"f":{"0":4,"1":7,"2":1,"3":1,"4":2,"5":1,"6":1,"7":0,"8":0,"9":0,"10":0,"11":0,"12":0,"13":0},"b":{"0":[1,6],"1":[2,0],"2":[1,0],"3":[1,0],"4":[0,0]},"_coverageSchema":"1a1c01bbd47fc00a2c39e90264f33305004495a9","hash":"e597a524f5e2386c1399a31049bef5a20da5621f"}
,"C:\\Users\\mattCode\\Documents\\Microverse project\\Module 2\\week 3\\todo-list-testing\\src\\modules\\injectHtml.js": {"path":"C:\\Users\\mattCode\\Documents\\Microverse project\\Module 2\\week 3\\todo-list-testing\\src\\modules\\injectHtml.js","statementMap":{"0":{"start":{"line":2,"column":22},"end":{"line":2,"column":58}},"1":{"start":{"line":3,"column":15},"end":{"line":3,"column":43}},"2":{"start":{"line":4,"column":2},"end":{"line":4,"column":46}},"3":{"start":{"line":5,"column":2},"end":{"line":5,"column":41}},"4":{"start":{"line":6,"column":2},"end":{"line":15,"column":14}},"5":{"start":{"line":17,"column":2},"end":{"line":17,"column":32}}},"fnMap":{"0":{"name":"(anonymous_0)","decl":{"start":{"line":1,"column":15},"end":{"line":1,"column":16}},"loc":{"start":{"line":1,"column":33},"end":{"line":18,"column":1}},"line":1}},"branchMap":{},"s":{"0":2,"1":2,"2":2,"3":2,"4":2,"5":2},"f":{"0":2},"b":{},"_coverageSchema":"1a1c01bbd47fc00a2c39e90264f33305004495a9","hash":"b2ec95ba38d18810e2cbf2d18b35046285aa58e0"}
,"C:\\Users\\mattCode\\Documents\\Microverse project\\Module 2\\week 3\\todo-list-testing\\src\\modules\\__mock__\\localstorage.js": {"path":"C:\\Users\\mattCode\\Documents\\Microverse project\\Module 2\\week 3\\todo-list-testing\\src\\modules\\__mock__\\localstorage.js","statementMap":{"0":{"start":{"line":3,"column":4},"end":{"line":6,"column":7}},"1":{"start":{"line":5,"column":31},"end":{"line":5,"column":73}},"2":{"start":{"line":7,"column":4},"end":{"line":13,"column":7}},"3":{"start":{"line":11,"column":8},"end":{"line":11,"column":29}},"4":{"start":{"line":14,"column":4},"end":{"line":19,"column":7}},"5":{"start":{"line":17,"column":8},"end":{"line":17,"column":25}},"6":{"start":{"line":20,"column":4},"end":{"line":25,"column":7}},"7":{"start":{"line":23,"column":8},"end":{"line":23,"column":57}},"8":{"start":{"line":23,"column":39},"end":{"line":23,"column":55}},"9":{"start":{"line":26,"column":4},"end":{"line":29,"column":7}},"10":{"start":{"line":28,"column":27},"end":{"line":28,"column":45}},"11":{"start":{"line":30,"column":4},"end":{"line":33,"column":7}},"12":{"start":{"line":32,"column":30},"end":{"line":32,"column":60}},"13":{"start":{"line":37,"column":4},"end":{"line":37,"column":36}},"14":{"start":{"line":42,"column":4},"end":{"line":42,"column":16}}},"fnMap":{"0":{"name":"(anonymous_0)","decl":{"start":{"line":2,"column":2},"end":{"line":2,"column":3}},"loc":{"start":{"line":2,"column":20},"end":{"line":34,"column":3}},"line":2},"1":{"name":"(anonymous_1)","decl":{"start":{"line":5,"column":21},"end":{"line":5,"column":22}},"loc":{"start":{"line":5,"column":31},"end":{"line":5,"column":73}},"line":5},"2":{"name":"(anonymous_2)","decl":{"start":{"line":10,"column":21},"end":{"line":10,"column":22}},"loc":{"start":{"line":10,"column":35},"end":{"line":12,"column":7}},"line":10},"3":{"name":"(anonymous_3)","decl":{"start":{"line":16,"column":21},"end":{"line":16,"column":22}},"loc":{"start":{"line":16,"column":30},"end":{"line":18,"column":7}},"line":16},"4":{"name":"(anonymous_4)","decl":{"start":{"line":22,"column":21},"end":{"line":22,"column":22}},"loc":{"start":{"line":22,"column":27},"end":{"line":24,"column":7}},"line":22},"5":{"name":"(anonymous_5)","decl":{"start":{"line":23,"column":30},"end":{"line":23,"column":31}},"loc":{"start":{"line":23,"column":39},"end":{"line":23,"column":55}},"line":23},"6":{"name":"(anonymous_6)","decl":{"start":{"line":28,"column":21},"end":{"line":28,"column":22}},"loc":{"start":{"line":28,"column":27},"end":{"line":28,"column":45}},"line":28},"7":{"name":"(anonymous_7)","decl":{"start":{"line":32,"column":21},"end":{"line":32,"column":22}},"loc":{"start":{"line":32,"column":30},"end":{"line":32,"column":60}},"line":32},"8":{"name":"(anonymous_8)","decl":{"start":{"line":36,"column":2},"end":{"line":36,"column":3}},"loc":{"start":{"line":36,"column":15},"end":{"line":38,"column":3}},"line":36},"9":{"name":"(anonymous_9)","decl":{"start":{"line":41,"column":2},"end":{"line":41,"column":3}},"loc":{"start":{"line":41,"column":18},"end":{"line":43,"column":3}},"line":41}},"branchMap":{"0":{"loc":{"start":{"line":5,"column":31},"end":{"line":5,"column":73}},"type":"cond-expr","locations":[{"start":{"line":5,"column":57},"end":{"line":5,"column":66}},{"start":{"line":5,"column":69},"end":{"line":5,"column":73}}],"line":5},"1":{"loc":{"start":{"line":32,"column":30},"end":{"line":32,"column":60}},"type":"binary-expr","locations":[{"start":{"line":32,"column":30},"end":{"line":32,"column":52}},{"start":{"line":32,"column":56},"end":{"line":32,"column":60}}],"line":32}},"s":{"0":2,"1":13,"2":2,"3":4,"4":2,"5":0,"6":2,"7":0,"8":0,"9":2,"10":0,"11":2,"12":0,"13":0,"14":0},"f":{"0":2,"1":13,"2":4,"3":0,"4":0,"5":0,"6":0,"7":0,"8":0,"9":0},"b":{"0":[12,1],"1":[0,0]},"_coverageSchema":"1a1c01bbd47fc00a2c39e90264f33305004495a9","hash":"b8f78cc5d9ef3d163690890f19b70bae66ba87c4"}
,"C:\\Users\\mattCode\\Documents\\Microverse project\\Module 2\\week 3\\todo-list-testing\\src\\modules\\__mock__\\setup.js": {"path":"C:\\Users\\mattCode\\Documents\\Microverse project\\Module 2\\week 3\\todo-list-testing\\src\\modules\\__mock__\\setup.js","statementMap":{"0":{"start":{"line":3,"column":0},"end":{"line":10,"column":1}},"1":{"start":{"line":4,"column":2},"end":{"line":7,"column":5}},"2":{"start":{"line":9,"column":2},"end":{"line":9,"column":47}},"3":{"start":{"line":12,"column":0},"end":{"line":19,"column":1}},"4":{"start":{"line":13,"column":2},"end":{"line":16,"column":5}},"5":{"start":{"line":18,"column":2},"end":{"line":18,"column":49}}},"fnMap":{},"branchMap":{"0":{"loc":{"start":{"line":3,"column":0},"end":{"line":10,"column":1}},"type":"if","locations":[{"start":{"line":3,"column":0},"end":{"line":10,"column":1}},{"start":{"line":8,"column":7},"end":{"line":10,"column":1}}],"line":3},"1":{"loc":{"start":{"line":12,"column":0},"end":{"line":19,"column":1}},"type":"if","locations":[{"start":{"line":12,"column":0},"end":{"line":19,"column":1}},{"start":{"line":17,"column":7},"end":{"line":19,"column":1}}],"line":12}},"s":{"0":1,"1":1,"2":0,"3":1,"4":1,"5":0},"f":{},"b":{"0":[1,0],"1":[1,0]},"_coverageSchema":"1a1c01bbd47fc00a2c39e90264f33305004495a9","hash":"ef912e58640c743505a139e834f24b04ed7c1d88"}
}
