{"C:\\Users\\mattCode\\Documents\\Microverse project\\Module 2\\week 3\\todo-list-testing\\src\\modules\\actions.js": {"path":"C:\\Users\\mattCode\\Documents\\Microverse project\\Module 2\\week 3\\todo-list-testing\\src\\modules\\actions.js","statementMap":{"0":{"start":{"line":6,"column":13},"end":{"line":6,"column":90}},"1":{"start":{"line":6,"column":27},"end":{"line":6,"column":90}},"2":{"start":{"line":7,"column":16},"end":{"line":12,"column":1}},"3":{"start":{"line":8,"column":2},"end":{"line":10,"column":3}},"4":{"start":{"line":9,"column":4},"end":{"line":9,"column":14}},"5":{"start":{"line":11,"column":2},"end":{"line":11,"column":59}},"6":{"start":{"line":15,"column":13},"end":{"line":29,"column":1}},"7":{"start":{"line":16,"column":17},"end":{"line":16,"column":26}},"8":{"start":{"line":17,"column":15},"end":{"line":17,"column":46}},"9":{"start":{"line":18,"column":20},"end":{"line":18,"column":54}},"10":{"start":{"line":19,"column":20},"end":{"line":19,"column":62}},"11":{"start":{"line":20,"column":20},"end":{"line":20,"column":60}},"12":{"start":{"line":21,"column":2},"end":{"line":28,"column":5}},"13":{"start":{"line":22,"column":4},"end":{"line":22,"column":36}},"14":{"start":{"line":23,"column":4},"end":{"line":23,"column":41}},"15":{"start":{"line":24,"column":4},"end":{"line":24,"column":47}},"16":{"start":{"line":25,"column":4},"end":{"line":25,"column":49}},"17":{"start":{"line":26,"column":4},"end":{"line":26,"column":41}},"18":{"start":{"line":27,"column":4},"end":{"line":27,"column":17}},"19":{"start":{"line":33,"column":21},"end":{"line":42,"column":1}},"20":{"start":{"line":34,"column":19},"end":{"line":34,"column":28}},"21":{"start":{"line":35,"column":2},"end":{"line":40,"column":3}},"22":{"start":{"line":36,"column":4},"end":{"line":36,"column":92}},"23":{"start":{"line":37,"column":4},"end":{"line":37,"column":44}},"24":{"start":{"line":38,"column":4},"end":{"line":38,"column":19}},"25":{"start":{"line":39,"column":4},"end":{"line":39,"column":53}},"26":{"start":{"line":41,"column":2},"end":{"line":41,"column":9}},"27":{"start":{"line":46,"column":24},"end":{"line":58,"column":1}},"28":{"start":{"line":47,"column":2},"end":{"line":57,"column":3}},"29":{"start":{"line":48,"column":26},"end":{"line":48,"column":35}},"30":{"start":{"line":49,"column":4},"end":{"line":55,"column":7}},"31":{"start":{"line":50,"column":6},"end":{"line":54,"column":7}},"32":{"start":{"line":51,"column":8},"end":{"line":51,"column":39}},"33":{"start":{"line":52,"column":8},"end":{"line":52,"column":28}},"34":{"start":{"line":53,"column":8},"end":{"line":53,"column":15}},"35":{"start":{"line":56,"column":4},"end":{"line":56,"column":21}},"36":{"start":{"line":62,"column":17},"end":{"line":73,"column":1}},"37":{"start":{"line":63,"column":14},"end":{"line":63,"column":23}},"38":{"start":{"line":64,"column":15},"end":{"line":64,"column":57}},"39":{"start":{"line":65,"column":2},"end":{"line":72,"column":5}},"40":{"start":{"line":66,"column":4},"end":{"line":66,"column":49}},"41":{"start":{"line":67,"column":4},"end":{"line":67,"column":16}},"42":{"start":{"line":68,"column":4},"end":{"line":71,"column":5}},"43":{"start":{"line":69,"column":6},"end":{"line":69,"column":42}},"44":{"start":{"line":70,"column":6},"end":{"line":70,"column":24}},"45":{"start":{"line":77,"column":18},"end":{"line":82,"column":1}},"46":{"start":{"line":78,"column":2},"end":{"line":78,"column":54}},"47":{"start":{"line":79,"column":2},"end":{"line":79,"column":56}},"48":{"start":{"line":80,"column":2},"end":{"line":80,"column":42}},"49":{"start":{"line":81,"column":2},"end":{"line":81,"column":57}},"50":{"start":{"line":86,"column":17},"end":{"line":93,"column":1}},"51":{"start":{"line":87,"column":2},"end":{"line":92,"column":5}},"52":{"start":{"line":88,"column":4},"end":{"line":88,"column":43}},"53":{"start":{"line":89,"column":4},"end":{"line":89,"column":55}},"54":{"start":{"line":90,"column":4},"end":{"line":90,"column":57}},"55":{"start":{"line":91,"column":4},"end":{"line":91,"column":61}},"56":{"start":{"line":95,"column":12},"end":{"line":95,"column":39}},"57":{"start":{"line":95,"column":28},"end":{"line":95,"column":39}},"58":{"start":{"line":97,"column":16},"end":{"line":100,"column":1}},"59":{"start":{"line":98,"column":14},"end":{"line":98,"column":57}},"60":{"start":{"line":99,"column":2},"end":{"line":99,"column":13}}},"fnMap":{"0":{"name":"(anonymous_0)","decl":{"start":{"line":6,"column":13},"end":{"line":6,"column":14}},"loc":{"start":{"line":6,"column":27},"end":{"line":6,"column":90}},"line":6},"1":{"name":"(anonymous_1)","decl":{"start":{"line":7,"column":16},"end":{"line":7,"column":17}},"loc":{"start":{"line":7,"column":22},"end":{"line":12,"column":1}},"line":7},"2":{"name":"(anonymous_2)","decl":{"start":{"line":15,"column":13},"end":{"line":15,"column":14}},"loc":{"start":{"line":15,"column":19},"end":{"line":29,"column":1}},"line":15},"3":{"name":"(anonymous_3)","decl":{"start":{"line":21,"column":17},"end":{"line":21,"column":18}},"loc":{"start":{"line":21,"column":37},"end":{"line":28,"column":3}},"line":21},"4":{"name":"(anonymous_4)","decl":{"start":{"line":33,"column":21},"end":{"line":33,"column":22}},"loc":{"start":{"line":33,"column":36},"end":{"line":42,"column":1}},"line":33},"5":{"name":"(anonymous_5)","decl":{"start":{"line":46,"column":24},"end":{"line":46,"column":25}},"loc":{"start":{"line":46,"column":37},"end":{"line":58,"column":1}},"line":46},"6":{"name":"(anonymous_6)","decl":{"start":{"line":49,"column":26},"end":{"line":49,"column":27}},"loc":{"start":{"line":49,"column":43},"end":{"line":55,"column":5}},"line":49},"7":{"name":"(anonymous_7)","decl":{"start":{"line":62,"column":17},"end":{"line":62,"column":18}},"loc":{"start":{"line":62,"column":27},"end":{"line":73,"column":1}},"line":62},"8":{"name":"(anonymous_8)","decl":{"start":{"line":65,"column":16},"end":{"line":65,"column":17}},"loc":{"start":{"line":65,"column":36},"end":{"line":72,"column":3}},"line":65},"9":{"name":"(anonymous_9)","decl":{"start":{"line":77,"column":18},"end":{"line":77,"column":19}},"loc":{"start":{"line":77,"column":31},"end":{"line":82,"column":1}},"line":77},"10":{"name":"(anonymous_10)","decl":{"start":{"line":86,"column":17},"end":{"line":86,"column":18}},"loc":{"start":{"line":86,"column":23},"end":{"line":93,"column":1}},"line":86},"11":{"name":"(anonymous_11)","decl":{"start":{"line":87,"column":45},"end":{"line":87,"column":46}},"loc":{"start":{"line":87,"column":57},"end":{"line":92,"column":3}},"line":87},"12":{"name":"(anonymous_12)","decl":{"start":{"line":95,"column":12},"end":{"line":95,"column":13}},"loc":{"start":{"line":95,"column":28},"end":{"line":95,"column":39}},"line":95},"13":{"name":"(anonymous_13)","decl":{"start":{"line":97,"column":16},"end":{"line":97,"column":17}},"loc":{"start":{"line":97,"column":22},"end":{"line":100,"column":1}},"line":97}},"branchMap":{"0":{"loc":{"start":{"line":8,"column":2},"end":{"line":10,"column":3}},"type":"if","locations":[{"start":{"line":8,"column":2},"end":{"line":10,"column":3}},{"start":{},"end":{}}],"line":8},"1":{"loc":{"start":{"line":35,"column":2},"end":{"line":40,"column":3}},"type":"if","locations":[{"start":{"line":35,"column":2},"end":{"line":40,"column":3}},{"start":{},"end":{}}],"line":35},"2":{"loc":{"start":{"line":47,"column":2},"end":{"line":57,"column":3}},"type":"if","locations":[{"start":{"line":47,"column":2},"end":{"line":57,"column":3}},{"start":{},"end":{}}],"line":47},"3":{"loc":{"start":{"line":50,"column":6},"end":{"line":54,"column":7}},"type":"if","locations":[{"start":{"line":50,"column":6},"end":{"line":54,"column":7}},{"start":{},"end":{}}],"line":50},"4":{"loc":{"start":{"line":68,"column":4},"end":{"line":71,"column":5}},"type":"if","locations":[{"start":{"line":68,"column":4},"end":{"line":71,"column":5}},{"start":{},"end":{}}],"line":68}},"s":{"0":1,"1":15,"2":1,"3":20,"4":1,"5":19,"6":1,"7":4,"8":4,"9":4,"10":4,"11":4,"12":4,"13":6,"14":6,"15":6,"16":6,"17":6,"18":6,"19":1,"20":3,"21":3,"22":3,"23":3,"24":3,"25":3,"26":3,"27":1,"28":1,"29":1,"30":1,"31":1,"32":1,"33":1,"34":1,"35":1,"36":1,"37":1,"38":1,"39":1,"40":2,"41":2,"42":2,"43":0,"44":0,"45":1,"46":0,"47":0,"48":0,"49":0,"50":1,"51":0,"52":0,"53":0,"54":0,"55":0,"56":1,"57":0,"58":1,"59":0,"60":0},"f":{"0":15,"1":20,"2":4,"3":6,"4":3,"5":1,"6":1,"7":1,"8":2,"9":0,"10":0,"11":0,"12":0,"13":0},"b":{"0":[1,19],"1":[3,0],"2":[1,0],"3":[1,0],"4":[0,2]},"_coverageSchema":"1a1c01bbd47fc00a2c39e90264f33305004495a9","hash":"6df41b517af7fc6290549af586a036aee0a4a10c"}
,"C:\\Users\\mattCode\\Documents\\Microverse project\\Module 2\\week 3\\todo-list-testing\\src\\modules\\injectHtml.js": {"path":"C:\\Users\\mattCode\\Documents\\Microverse project\\Module 2\\week 3\\todo-list-testing\\src\\modules\\injectHtml.js","statementMap":{"0":{"start":{"line":2,"column":22},"end":{"line":2,"column":58}},"1":{"start":{"line":3,"column":15},"end":{"line":3,"column":43}},"2":{"start":{"line":4,"column":2},"end":{"line":4,"column":46}},"3":{"start":{"line":5,"column":2},"end":{"line":5,"column":41}},"4":{"start":{"line":6,"column":2},"end":{"line":15,"column":14}},"5":{"start":{"line":17,"column":2},"end":{"line":17,"column":32}}},"fnMap":{"0":{"name":"(anonymous_0)","decl":{"start":{"line":1,"column":15},"end":{"line":1,"column":16}},"loc":{"start":{"line":1,"column":33},"end":{"line":18,"column":1}},"line":1}},"branchMap":{},"s":{"0":3,"1":3,"2":3,"3":3,"4":3,"5":3},"f":{"0":3},"b":{},"_coverageSchema":"1a1c01bbd47fc00a2c39e90264f33305004495a9","hash":"b2ec95ba38d18810e2cbf2d18b35046285aa58e0"}
,"C:\\Users\\mattCode\\Documents\\Microverse project\\Module 2\\week 3\\todo-list-testing\\src\\modules\\interact.js": {"path":"C:\\Users\\mattCode\\Documents\\Microverse project\\Module 2\\week 3\\todo-list-testing\\src\\modules\\interact.js","statementMap":{"0":{"start":{"line":7,"column":20},"end":{"line":23,"column":1}},"1":{"start":{"line":8,"column":24},"end":{"line":8,"column":33}},"2":{"start":{"line":9,"column":20},"end":{"line":9,"column":63}},"3":{"start":{"line":10,"column":22},"end":{"line":10,"column":79}},"4":{"start":{"line":12,"column":2},"end":{"line":22,"column":3}},"5":{"start":{"line":13,"column":4},"end":{"line":13,"column":52}},"6":{"start":{"line":14,"column":4},"end":{"line":14,"column":41}},"7":{"start":{"line":15,"column":4},"end":{"line":15,"column":52}},"8":{"start":{"line":16,"column":4},"end":{"line":16,"column":24}},"9":{"start":{"line":18,"column":4},"end":{"line":18,"column":44}},"10":{"start":{"line":19,"column":4},"end":{"line":19,"column":41}},"11":{"start":{"line":20,"column":4},"end":{"line":20,"column":53}},"12":{"start":{"line":21,"column":4},"end":{"line":21,"column":24}},"13":{"start":{"line":27,"column":24},"end":{"line":37,"column":1}},"14":{"start":{"line":28,"column":22},"end":{"line":28,"column":31}},"15":{"start":{"line":29,"column":15},"end":{"line":29,"column":46}},"16":{"start":{"line":30,"column":2},"end":{"line":34,"column":5}},"17":{"start":{"line":31,"column":4},"end":{"line":33,"column":5}},"18":{"start":{"line":32,"column":6},"end":{"line":32,"column":27}},"19":{"start":{"line":35,"column":2},"end":{"line":35,"column":68}},"20":{"start":{"line":35,"column":50},"end":{"line":35,"column":66}},"21":{"start":{"line":36,"column":2},"end":{"line":36,"column":22}}},"fnMap":{"0":{"name":"(anonymous_0)","decl":{"start":{"line":7,"column":20},"end":{"line":7,"column":21}},"loc":{"start":{"line":7,"column":31},"end":{"line":23,"column":1}},"line":7},"1":{"name":"(anonymous_1)","decl":{"start":{"line":27,"column":24},"end":{"line":27,"column":25}},"loc":{"start":{"line":27,"column":30},"end":{"line":37,"column":1}},"line":27},"2":{"name":"(anonymous_2)","decl":{"start":{"line":30,"column":15},"end":{"line":30,"column":16}},"loc":{"start":{"line":30,"column":35},"end":{"line":34,"column":3}},"line":30},"3":{"name":"(anonymous_3)","decl":{"start":{"line":35,"column":39},"end":{"line":35,"column":40}},"loc":{"start":{"line":35,"column":50},"end":{"line":35,"column":66}},"line":35}},"branchMap":{"0":{"loc":{"start":{"line":12,"column":2},"end":{"line":22,"column":3}},"type":"if","locations":[{"start":{"line":12,"column":2},"end":{"line":22,"column":3}},{"start":{"line":17,"column":9},"end":{"line":22,"column":3}}],"line":12},"1":{"loc":{"start":{"line":31,"column":4},"end":{"line":33,"column":5}},"type":"if","locations":[{"start":{"line":31,"column":4},"end":{"line":33,"column":5}},{"start":{},"end":{}}],"line":31}},"s":{"0":1,"1":2,"2":2,"3":2,"4":2,"5":2,"6":2,"7":2,"8":2,"9":0,"10":0,"11":0,"12":0,"13":1,"14":1,"15":1,"16":1,"17":2,"18":2,"19":1,"20":2,"21":1},"f":{"0":2,"1":1,"2":2,"3":2},"b":{"0":[2,0],"1":[2,0]},"_coverageSchema":"1a1c01bbd47fc00a2c39e90264f33305004495a9","hash":"c3425fd58801074c6a643508f834aa27b0b7220e"}
,"C:\\Users\\mattCode\\Documents\\Microverse project\\Module 2\\week 3\\todo-list-testing\\src\\modules\\__mock__\\localstorage.js": {"path":"C:\\Users\\mattCode\\Documents\\Microverse project\\Module 2\\week 3\\todo-list-testing\\src\\modules\\__mock__\\localstorage.js","statementMap":{"0":{"start":{"line":3,"column":4},"end":{"line":6,"column":7}},"1":{"start":{"line":5,"column":31},"end":{"line":5,"column":73}},"2":{"start":{"line":7,"column":4},"end":{"line":13,"column":7}},"3":{"start":{"line":11,"column":8},"end":{"line":11,"column":29}},"4":{"start":{"line":14,"column":4},"end":{"line":19,"column":7}},"5":{"start":{"line":17,"column":8},"end":{"line":17,"column":25}},"6":{"start":{"line":20,"column":4},"end":{"line":25,"column":7}},"7":{"start":{"line":23,"column":8},"end":{"line":23,"column":57}},"8":{"start":{"line":23,"column":39},"end":{"line":23,"column":55}},"9":{"start":{"line":26,"column":4},"end":{"line":29,"column":7}},"10":{"start":{"line":28,"column":27},"end":{"line":28,"column":45}},"11":{"start":{"line":30,"column":4},"end":{"line":33,"column":7}},"12":{"start":{"line":32,"column":30},"end":{"line":32,"column":60}},"13":{"start":{"line":37,"column":4},"end":{"line":37,"column":36}},"14":{"start":{"line":42,"column":4},"end":{"line":42,"column":16}}},"fnMap":{"0":{"name":"(anonymous_0)","decl":{"start":{"line":2,"column":2},"end":{"line":2,"column":3}},"loc":{"start":{"line":2,"column":20},"end":{"line":34,"column":3}},"line":2},"1":{"name":"(anonymous_1)","decl":{"start":{"line":5,"column":21},"end":{"line":5,"column":22}},"loc":{"start":{"line":5,"column":31},"end":{"line":5,"column":73}},"line":5},"2":{"name":"(anonymous_2)","decl":{"start":{"line":10,"column":21},"end":{"line":10,"column":22}},"loc":{"start":{"line":10,"column":35},"end":{"line":12,"column":7}},"line":10},"3":{"name":"(anonymous_3)","decl":{"start":{"line":16,"column":21},"end":{"line":16,"column":22}},"loc":{"start":{"line":16,"column":30},"end":{"line":18,"column":7}},"line":16},"4":{"name":"(anonymous_4)","decl":{"start":{"line":22,"column":21},"end":{"line":22,"column":22}},"loc":{"start":{"line":22,"column":27},"end":{"line":24,"column":7}},"line":22},"5":{"name":"(anonymous_5)","decl":{"start":{"line":23,"column":30},"end":{"line":23,"column":31}},"loc":{"start":{"line":23,"column":39},"end":{"line":23,"column":55}},"line":23},"6":{"name":"(anonymous_6)","decl":{"start":{"line":28,"column":21},"end":{"line":28,"column":22}},"loc":{"start":{"line":28,"column":27},"end":{"line":28,"column":45}},"line":28},"7":{"name":"(anonymous_7)","decl":{"start":{"line":32,"column":21},"end":{"line":32,"column":22}},"loc":{"start":{"line":32,"column":30},"end":{"line":32,"column":60}},"line":32},"8":{"name":"(anonymous_8)","decl":{"start":{"line":36,"column":2},"end":{"line":36,"column":3}},"loc":{"start":{"line":36,"column":15},"end":{"line":38,"column":3}},"line":36},"9":{"name":"(anonymous_9)","decl":{"start":{"line":41,"column":2},"end":{"line":41,"column":3}},"loc":{"start":{"line":41,"column":18},"end":{"line":43,"column":3}},"line":41}},"branchMap":{"0":{"loc":{"start":{"line":5,"column":31},"end":{"line":5,"column":73}},"type":"cond-expr","locations":[{"start":{"line":5,"column":57},"end":{"line":5,"column":66}},{"start":{"line":5,"column":69},"end":{"line":5,"column":73}}],"line":5},"1":{"loc":{"start":{"line":32,"column":30},"end":{"line":32,"column":60}},"type":"binary-expr","locations":[{"start":{"line":32,"column":30},"end":{"line":32,"column":52}},{"start":{"line":32,"column":56},"end":{"line":32,"column":60}}],"line":32}},"s":{"0":2,"1":39,"2":2,"3":15,"4":2,"5":0,"6":2,"7":0,"8":0,"9":2,"10":0,"11":2,"12":0,"13":0,"14":0},"f":{"0":2,"1":39,"2":15,"3":0,"4":0,"5":0,"6":0,"7":0,"8":0,"9":0},"b":{"0":[38,1],"1":[0,0]},"_coverageSchema":"1a1c01bbd47fc00a2c39e90264f33305004495a9","hash":"b8f78cc5d9ef3d163690890f19b70bae66ba87c4"}
,"C:\\Users\\mattCode\\Documents\\Microverse project\\Module 2\\week 3\\todo-list-testing\\src\\modules\\__mock__\\setup.js": {"path":"C:\\Users\\mattCode\\Documents\\Microverse project\\Module 2\\week 3\\todo-list-testing\\src\\modules\\__mock__\\setup.js","statementMap":{"0":{"start":{"line":3,"column":0},"end":{"line":10,"column":1}},"1":{"start":{"line":4,"column":2},"end":{"line":7,"column":5}},"2":{"start":{"line":9,"column":2},"end":{"line":9,"column":47}},"3":{"start":{"line":12,"column":0},"end":{"line":19,"column":1}},"4":{"start":{"line":13,"column":2},"end":{"line":16,"column":5}},"5":{"start":{"line":18,"column":2},"end":{"line":18,"column":49}}},"fnMap":{},"branchMap":{"0":{"loc":{"start":{"line":3,"column":0},"end":{"line":10,"column":1}},"type":"if","locations":[{"start":{"line":3,"column":0},"end":{"line":10,"column":1}},{"start":{"line":8,"column":7},"end":{"line":10,"column":1}}],"line":3},"1":{"loc":{"start":{"line":12,"column":0},"end":{"line":19,"column":1}},"type":"if","locations":[{"start":{"line":12,"column":0},"end":{"line":19,"column":1}},{"start":{"line":17,"column":7},"end":{"line":19,"column":1}}],"line":12}},"s":{"0":1,"1":1,"2":0,"3":1,"4":1,"5":0},"f":{},"b":{"0":[1,0],"1":[1,0]},"_coverageSchema":"1a1c01bbd47fc00a2c39e90264f33305004495a9","hash":"ef912e58640c743505a139e834f24b04ed7c1d88"}
}
