TN:
SF:src\modules\actions.js
FN:6,(anonymous_0)
FN:7,(anonymous_1)
FN:15,(anonymous_2)
FN:21,(anonymous_3)
FN:33,(anonymous_4)
FN:46,(anonymous_5)
FN:49,(anonymous_6)
FN:62,(anonymous_7)
FN:65,(anonymous_8)
FN:77,(anonymous_9)
FN:86,(anonymous_10)
FN:87,(anonymous_11)
FN:95,(anonymous_12)
FN:97,(anonymous_13)
FNF:14
FNH:9
FNDA:15,(anonymous_0)
FNDA:20,(anonymous_1)
FNDA:4,(anonymous_2)
FNDA:6,(anonymous_3)
FNDA:3,(anonymous_4)
FNDA:1,(anonymous_5)
FNDA:1,(anonymous_6)
FNDA:1,(anonymous_7)
FNDA:2,(anonymous_8)
FNDA:0,(anonymous_9)
FNDA:0,(anonymous_10)
FNDA:0,(anonymous_11)
FNDA:0,(anonymous_12)
FNDA:0,(anonymous_13)
DA:6,15
DA:7,1
DA:8,20
DA:9,1
DA:11,19
DA:15,1
DA:16,4
DA:17,4
DA:18,4
DA:19,4
DA:20,4
DA:21,4
DA:22,6
DA:23,6
DA:24,6
DA:25,6
DA:26,6
DA:27,6
DA:33,1
DA:34,3
DA:35,3
DA:36,3
DA:37,3
DA:38,3
DA:39,3
DA:41,3
DA:46,1
DA:47,1
DA:48,1
DA:49,1
DA:50,1
DA:51,1
DA:52,1
DA:53,1
DA:56,1
DA:62,1
DA:63,1
DA:64,1
DA:65,1
DA:66,2
DA:67,2
DA:68,2
DA:69,0
DA:70,0
DA:77,1
DA:78,0
DA:79,0
DA:80,0
DA:81,0
DA:86,1
DA:87,0
DA:88,0
DA:89,0
DA:90,0
DA:91,0
DA:95,1
DA:97,1
DA:98,0
DA:99,0
LF:59
LH:46
BRDA:8,0,0,1
BRDA:8,0,1,19
BRDA:35,1,0,3
BRDA:35,1,1,0
BRDA:47,2,0,1
BRDA:47,2,1,0
BRDA:50,3,0,1
BRDA:50,3,1,0
BRDA:68,4,0,0
BRDA:68,4,1,2
BRF:10
BRH:6
end_of_record
TN:
SF:src\modules\injectHtml.js
FN:1,(anonymous_0)
FNF:1
FNH:1
FNDA:3,(anonymous_0)
DA:2,3
DA:3,3
DA:4,3
DA:5,3
DA:6,3
DA:17,3
LF:6
LH:6
BRF:0
BRH:0
end_of_record
TN:
SF:src\modules\interact.js
FN:7,(anonymous_0)
FN:27,(anonymous_1)
FN:30,(anonymous_2)
FN:35,(anonymous_3)
FNF:4
FNH:4
FNDA:2,(anonymous_0)
FNDA:1,(anonymous_1)
FNDA:2,(anonymous_2)
FNDA:2,(anonymous_3)
DA:7,1
DA:8,2
DA:9,2
DA:10,2
DA:12,2
DA:13,2
DA:14,2
DA:15,2
DA:16,2
DA:18,0
DA:19,0
DA:20,0
DA:21,0
DA:27,1
DA:28,1
DA:29,1
DA:30,1
DA:31,2
DA:32,2
DA:35,2
DA:36,1
LF:21
LH:17
BRDA:12,0,0,2
BRDA:12,0,1,0
BRDA:31,1,0,2
BRDA:31,1,1,0
BRF:4
BRH:2
end_of_record
TN:
SF:src\modules\__mock__\localstorage.js
FN:2,(anonymous_0)
FN:5,(anonymous_1)
FN:10,(anonymous_2)
FN:16,(anonymous_3)
FN:22,(anonymous_4)
FN:23,(anonymous_5)
FN:28,(anonymous_6)
FN:32,(anonymous_7)
FN:36,(anonymous_8)
FN:41,(anonymous_9)
FNF:10
FNH:3
FNDA:2,(anonymous_0)
FNDA:39,(anonymous_1)
FNDA:15,(anonymous_2)
FNDA:0,(anonymous_3)
FNDA:0,(anonymous_4)
FNDA:0,(anonymous_5)
FNDA:0,(anonymous_6)
FNDA:0,(anonymous_7)
FNDA:0,(anonymous_8)
FNDA:0,(anonymous_9)
DA:3,2
DA:5,39
DA:7,2
DA:11,15
DA:14,2
DA:17,0
DA:20,2
DA:23,0
DA:26,2
DA:28,0
DA:30,2
DA:32,0
DA:37,0
DA:42,0
LF:14
LH:8
BRDA:5,0,0,38
BRDA:5,0,1,1
BRDA:32,1,0,0
BRDA:32,1,1,0
BRF:4
BRH:2
end_of_record
TN:
SF:src\modules\__mock__\setup.js
FNF:0
FNH:0
DA:3,1
DA:4,1
DA:9,0
DA:12,1
DA:13,1
DA:18,0
LF:6
LH:4
BRDA:3,0,0,1
BRDA:3,0,1,0
BRDA:12,1,0,1
BRDA:12,1,1,0
BRF:4
BRH:2
end_of_record
